  main.cpp
C:\Users\pedro\Desktop\Tetris 3D\Tetris 3D\Drawings.h(86,55): warning C4305: 'argumento': truncamento de 'double' para 'GLfloat'
C:\Users\pedro\Desktop\Tetris 3D\Tetris 3D\Drawings.h(87,55): warning C4305: 'argumento': truncamento de 'double' para 'GLfloat'
C:\Users\pedro\Desktop\Tetris 3D\Tetris 3D\Drawings.h(88,55): warning C4305: 'argumento': truncamento de 'double' para 'GLfloat'
C:\Users\pedro\Desktop\Tetris 3D\Tetris 3D\Drawings.h(319,39): warning C4244: 'argumento': conversão de 'double' para 'GLfloat', possível perda de dados
C:\Users\pedro\Desktop\Tetris 3D\Tetris 3D\Drawings.h(319,24): warning C4244: 'argumento': conversão de 'double' para 'GLfloat', possível perda de dados
C:\Users\pedro\Desktop\Tetris 3D\Tetris 3D\Drawings.h(320,31): warning C4305: 'argumento': truncamento de 'double' para 'GLfloat'
C:\Users\pedro\Desktop\Tetris 3D\Tetris 3D\Drawings.h(321,40): warning C4244: 'argumento': conversão de 'double' para 'GLfloat', possível perda de dados
C:\Users\pedro\Desktop\Tetris 3D\Tetris 3D\Drawings.h(321,25): warning C4244: 'argumento': conversão de 'double' para 'GLfloat', possível perda de dados
C:\Users\pedro\Desktop\Tetris 3D\Tetris 3D\Drawings.h(323,35): warning C4244: 'argumento': conversão de 'double' para 'GLfloat', possível perda de dados
C:\Users\pedro\Desktop\Tetris 3D\Tetris 3D\Drawings.h(323,20): warning C4244: 'argumento': conversão de 'double' para 'GLfloat', possível perda de dados
C:\Users\pedro\Desktop\Tetris 3D\Tetris 3D\Drawings.h(324,40): warning C4244: 'argumento': conversão de 'double' para 'GLfloat', possível perda de dados
C:\Users\pedro\Desktop\Tetris 3D\Tetris 3D\Drawings.h(324,25): warning C4244: 'argumento': conversão de 'double' para 'GLfloat', possível perda de dados
C:\Users\pedro\Desktop\Tetris 3D\Tetris 3D\Drawings.h(329,39): warning C4244: 'argumento': conversão de 'double' para 'GLfloat', possível perda de dados
C:\Users\pedro\Desktop\Tetris 3D\Tetris 3D\Drawings.h(329,24): warning C4244: 'argumento': conversão de 'double' para 'GLfloat', possível perda de dados
C:\Users\pedro\Desktop\Tetris 3D\Tetris 3D\Drawings.h(330,33): warning C4305: 'argumento': truncamento de 'double' para 'GLfloat'
C:\Users\pedro\Desktop\Tetris 3D\Tetris 3D\Drawings.h(331,41): warning C4244: 'argumento': conversão de 'double' para 'GLfloat', possível perda de dados
C:\Users\pedro\Desktop\Tetris 3D\Tetris 3D\Drawings.h(331,25): warning C4244: 'argumento': conversão de 'double' para 'GLfloat', possível perda de dados
C:\Users\pedro\Desktop\Tetris 3D\Tetris 3D\Drawings.h(333,35): warning C4244: 'argumento': conversão de 'double' para 'GLfloat', possível perda de dados
C:\Users\pedro\Desktop\Tetris 3D\Tetris 3D\Drawings.h(333,20): warning C4244: 'argumento': conversão de 'double' para 'GLfloat', possível perda de dados
C:\Users\pedro\Desktop\Tetris 3D\Tetris 3D\Drawings.h(334,40): warning C4244: 'argumento': conversão de 'double' para 'GLfloat', possível perda de dados
C:\Users\pedro\Desktop\Tetris 3D\Tetris 3D\Drawings.h(334,25): warning C4244: 'argumento': conversão de 'double' para 'GLfloat', possível perda de dados
C:\Users\pedro\Desktop\Tetris 3D\Tetris 3D\Drawings.h(339,39): warning C4244: 'argumento': conversão de 'double' para 'GLfloat', possível perda de dados
C:\Users\pedro\Desktop\Tetris 3D\Tetris 3D\Drawings.h(339,24): warning C4244: 'argumento': conversão de 'double' para 'GLfloat', possível perda de dados
C:\Users\pedro\Desktop\Tetris 3D\Tetris 3D\Drawings.h(340,33): warning C4305: 'argumento': truncamento de 'double' para 'GLfloat'
C:\Users\pedro\Desktop\Tetris 3D\Tetris 3D\Drawings.h(341,41): warning C4244: 'argumento': conversão de 'double' para 'GLfloat', possível perda de dados
C:\Users\pedro\Desktop\Tetris 3D\Tetris 3D\Drawings.h(341,25): warning C4244: 'argumento': conversão de 'double' para 'GLfloat', possível perda de dados
C:\Users\pedro\Desktop\Tetris 3D\Tetris 3D\Drawings.h(343,35): warning C4244: 'argumento': conversão de 'double' para 'GLfloat', possível perda de dados
C:\Users\pedro\Desktop\Tetris 3D\Tetris 3D\Drawings.h(343,20): warning C4244: 'argumento': conversão de 'double' para 'GLfloat', possível perda de dados
C:\Users\pedro\Desktop\Tetris 3D\Tetris 3D\Drawings.h(344,40): warning C4244: 'argumento': conversão de 'double' para 'GLfloat', possível perda de dados
C:\Users\pedro\Desktop\Tetris 3D\Tetris 3D\Drawings.h(344,25): warning C4244: 'argumento': conversão de 'double' para 'GLfloat', possível perda de dados
C:\Users\pedro\Desktop\Tetris 3D\Tetris 3D\Drawings.h(350,38): warning C4244: 'argumento': conversão de 'double' para 'GLfloat', possível perda de dados
C:\Users\pedro\Desktop\Tetris 3D\Tetris 3D\Drawings.h(350,24): warning C4244: 'argumento': conversão de 'double' para 'GLfloat', possível perda de dados
C:\Users\pedro\Desktop\Tetris 3D\Tetris 3D\Drawings.h(351,31): warning C4305: 'argumento': truncamento de 'double' para 'GLfloat'
C:\Users\pedro\Desktop\Tetris 3D\Tetris 3D\Drawings.h(352,40): warning C4244: 'argumento': conversão de 'double' para 'GLfloat', possível perda de dados
C:\Users\pedro\Desktop\Tetris 3D\Tetris 3D\Drawings.h(352,25): warning C4244: 'argumento': conversão de 'double' para 'GLfloat', possível perda de dados
C:\Users\pedro\Desktop\Tetris 3D\Tetris 3D\Drawings.h(354,34): warning C4244: 'argumento': conversão de 'double' para 'GLfloat', possível perda de dados
C:\Users\pedro\Desktop\Tetris 3D\Tetris 3D\Drawings.h(354,20): warning C4244: 'argumento': conversão de 'double' para 'GLfloat', possível perda de dados
C:\Users\pedro\Desktop\Tetris 3D\Tetris 3D\Drawings.h(355,39): warning C4244: 'argumento': conversão de 'double' para 'GLfloat', possível perda de dados
C:\Users\pedro\Desktop\Tetris 3D\Tetris 3D\Drawings.h(355,25): warning C4244: 'argumento': conversão de 'double' para 'GLfloat', possível perda de dados
C:\Users\pedro\Desktop\Tetris 3D\Tetris 3D\Drawings.h(360,39): warning C4244: 'argumento': conversão de 'double' para 'GLfloat', possível perda de dados
C:\Users\pedro\Desktop\Tetris 3D\Tetris 3D\Drawings.h(360,24): warning C4244: 'argumento': conversão de 'double' para 'GLfloat', possível perda de dados
C:\Users\pedro\Desktop\Tetris 3D\Tetris 3D\Drawings.h(361,35): warning C4305: 'argumento': truncamento de 'double' para 'GLfloat'
C:\Users\pedro\Desktop\Tetris 3D\Tetris 3D\Drawings.h(362,41): warning C4244: 'argumento': conversão de 'double' para 'GLfloat', possível perda de dados
C:\Users\pedro\Desktop\Tetris 3D\Tetris 3D\Drawings.h(362,25): warning C4244: 'argumento': conversão de 'double' para 'GLfloat', possível perda de dados
C:\Users\pedro\Desktop\Tetris 3D\Tetris 3D\Drawings.h(364,35): warning C4244: 'argumento': conversão de 'double' para 'GLfloat', possível perda de dados
C:\Users\pedro\Desktop\Tetris 3D\Tetris 3D\Drawings.h(364,20): warning C4244: 'argumento': conversão de 'double' para 'GLfloat', possível perda de dados
C:\Users\pedro\Desktop\Tetris 3D\Tetris 3D\Drawings.h(365,40): warning C4244: 'argumento': conversão de 'double' para 'GLfloat', possível perda de dados
C:\Users\pedro\Desktop\Tetris 3D\Tetris 3D\Drawings.h(365,25): warning C4244: 'argumento': conversão de 'double' para 'GLfloat', possível perda de dados
C:\Users\pedro\Desktop\Tetris 3D\Tetris 3D\Drawings.h(379,42): warning C4244: 'argumento': conversão de 'double' para 'GLfloat', possível perda de dados
C:\Users\pedro\Desktop\Tetris 3D\Tetris 3D\Drawings.h(379,28): warning C4244: 'argumento': conversão de 'double' para 'GLfloat', possível perda de dados
C:\Users\pedro\Desktop\Tetris 3D\Tetris 3D\Drawings.h(380,35): warning C4305: 'argumento': truncamento de 'double' para 'GLfloat'
C:\Users\pedro\Desktop\Tetris 3D\Tetris 3D\Drawings.h(381,44): warning C4244: 'argumento': conversão de 'double' para 'GLfloat', possível perda de dados
C:\Users\pedro\Desktop\Tetris 3D\Tetris 3D\Drawings.h(381,29): warning C4244: 'argumento': conversão de 'double' para 'GLfloat', possível perda de dados
C:\Users\pedro\Desktop\Tetris 3D\Tetris 3D\Drawings.h(383,38): warning C4244: 'argumento': conversão de 'double' para 'GLfloat', possível perda de dados
C:\Users\pedro\Desktop\Tetris 3D\Tetris 3D\Drawings.h(383,24): warning C4244: 'argumento': conversão de 'double' para 'GLfloat', possível perda de dados
C:\Users\pedro\Desktop\Tetris 3D\Tetris 3D\Drawings.h(384,43): warning C4244: 'argumento': conversão de 'double' para 'GLfloat', possível perda de dados
C:\Users\pedro\Desktop\Tetris 3D\Tetris 3D\Drawings.h(384,29): warning C4244: 'argumento': conversão de 'double' para 'GLfloat', possível perda de dados
C:\Users\pedro\Desktop\Tetris 3D\Tetris 3D\Drawings.h(392,42): warning C4244: 'argumento': conversão de 'double' para 'GLfloat', possível perda de dados
C:\Users\pedro\Desktop\Tetris 3D\Tetris 3D\Drawings.h(392,28): warning C4244: 'argumento': conversão de 'double' para 'GLfloat', possível perda de dados
C:\Users\pedro\Desktop\Tetris 3D\Tetris 3D\Drawings.h(393,35): warning C4305: 'argumento': truncamento de 'double' para 'GLfloat'
C:\Users\pedro\Desktop\Tetris 3D\Tetris 3D\Drawings.h(394,44): warning C4244: 'argumento': conversão de 'double' para 'GLfloat', possível perda de dados
C:\Users\pedro\Desktop\Tetris 3D\Tetris 3D\Drawings.h(394,29): warning C4244: 'argumento': conversão de 'double' para 'GLfloat', possível perda de dados
C:\Users\pedro\Desktop\Tetris 3D\Tetris 3D\Drawings.h(396,38): warning C4244: 'argumento': conversão de 'double' para 'GLfloat', possível perda de dados
C:\Users\pedro\Desktop\Tetris 3D\Tetris 3D\Drawings.h(396,24): warning C4244: 'argumento': conversão de 'double' para 'GLfloat', possível perda de dados
C:\Users\pedro\Desktop\Tetris 3D\Tetris 3D\Drawings.h(397,43): warning C4244: 'argumento': conversão de 'double' para 'GLfloat', possível perda de dados
C:\Users\pedro\Desktop\Tetris 3D\Tetris 3D\Drawings.h(397,29): warning C4244: 'argumento': conversão de 'double' para 'GLfloat', possível perda de dados
C:\Users\pedro\Desktop\Tetris 3D\Tetris 3D\Drawings.h(405,42): warning C4244: 'argumento': conversão de 'double' para 'GLfloat', possível perda de dados
C:\Users\pedro\Desktop\Tetris 3D\Tetris 3D\Drawings.h(405,28): warning C4244: 'argumento': conversão de 'double' para 'GLfloat', possível perda de dados
C:\Users\pedro\Desktop\Tetris 3D\Tetris 3D\Drawings.h(406,35): warning C4305: 'argumento': truncamento de 'double' para 'GLfloat'
C:\Users\pedro\Desktop\Tetris 3D\Tetris 3D\Drawings.h(407,44): warning C4244: 'argumento': conversão de 'double' para 'GLfloat', possível perda de dados
C:\Users\pedro\Desktop\Tetris 3D\Tetris 3D\Drawings.h(407,29): warning C4244: 'argumento': conversão de 'double' para 'GLfloat', possível perda de dados
C:\Users\pedro\Desktop\Tetris 3D\Tetris 3D\Drawings.h(409,38): warning C4244: 'argumento': conversão de 'double' para 'GLfloat', possível perda de dados
C:\Users\pedro\Desktop\Tetris 3D\Tetris 3D\Drawings.h(409,24): warning C4244: 'argumento': conversão de 'double' para 'GLfloat', possível perda de dados
C:\Users\pedro\Desktop\Tetris 3D\Tetris 3D\Drawings.h(410,43): warning C4244: 'argumento': conversão de 'double' para 'GLfloat', possível perda de dados
C:\Users\pedro\Desktop\Tetris 3D\Tetris 3D\Drawings.h(410,29): warning C4244: 'argumento': conversão de 'double' para 'GLfloat', possível perda de dados
C:\Users\pedro\Desktop\Tetris 3D\Tetris 3D\Drawings.h(418,42): warning C4244: 'argumento': conversão de 'double' para 'GLfloat', possível perda de dados
C:\Users\pedro\Desktop\Tetris 3D\Tetris 3D\Drawings.h(418,28): warning C4244: 'argumento': conversão de 'double' para 'GLfloat', possível perda de dados
C:\Users\pedro\Desktop\Tetris 3D\Tetris 3D\Drawings.h(419,35): warning C4305: 'argumento': truncamento de 'double' para 'GLfloat'
C:\Users\pedro\Desktop\Tetris 3D\Tetris 3D\Drawings.h(420,44): warning C4244: 'argumento': conversão de 'double' para 'GLfloat', possível perda de dados
C:\Users\pedro\Desktop\Tetris 3D\Tetris 3D\Drawings.h(420,29): warning C4244: 'argumento': conversão de 'double' para 'GLfloat', possível perda de dados
C:\Users\pedro\Desktop\Tetris 3D\Tetris 3D\Drawings.h(422,38): warning C4244: 'argumento': conversão de 'double' para 'GLfloat', possível perda de dados
C:\Users\pedro\Desktop\Tetris 3D\Tetris 3D\Drawings.h(422,24): warning C4244: 'argumento': conversão de 'double' para 'GLfloat', possível perda de dados
C:\Users\pedro\Desktop\Tetris 3D\Tetris 3D\Drawings.h(423,43): warning C4244: 'argumento': conversão de 'double' para 'GLfloat', possível perda de dados
C:\Users\pedro\Desktop\Tetris 3D\Tetris 3D\Drawings.h(423,29): warning C4244: 'argumento': conversão de 'double' para 'GLfloat', possível perda de dados
C:\Users\pedro\Desktop\Tetris 3D\Tetris 3D\Writer.h(1,1): warning C4005: '_CRT_SECURE_NO_WARNINGS': redefinição de macro
C:\Users\pedro\Desktop\Tetris 3D\Tetris 3D\main.cpp : message : consulte a definição anterior de '_CRT_SECURE_NO_WARNINGS'
C:\Users\pedro\Desktop\Tetris 3D\Tetris 3D\Writer.h(87,24): warning C4838: a conversão de 'FT_Pos' em 'GLuint' requer uma conversão de restrição
C:\Users\pedro\Desktop\Tetris 3D\Tetris 3D\Block.h(97,11): warning C4244: 'return': conversão de 'int' para 'GLfloat', possível perda de dados
C:\Users\pedro\Desktop\Tetris 3D\Tetris 3D\Block.h(101,11): warning C4244: 'return': conversão de 'int' para 'GLfloat', possível perda de dados
C:\Users\pedro\Desktop\Tetris 3D\Tetris 3D\Block.h(105,11): warning C4244: 'return': conversão de 'int' para 'GLfloat', possível perda de dados
C:\Users\pedro\Desktop\Tetris 3D\Tetris 3D\Block.h(132,56): warning C4838: a conversão de 'double' em 'GLfloat' requer uma conversão de restrição
C:\Users\pedro\Desktop\Tetris 3D\Tetris 3D\Block.h(132,56): warning C4244: 'inicializando': conversão de 'double' para 'GLfloat', possível perda de dados
C:\Users\pedro\Desktop\Tetris 3D\Tetris 3D\Block.h(133,56): warning C4838: a conversão de 'double' em 'GLfloat' requer uma conversão de restrição
C:\Users\pedro\Desktop\Tetris 3D\Tetris 3D\Block.h(133,56): warning C4244: 'inicializando': conversão de 'double' para 'GLfloat', possível perda de dados
C:\Users\pedro\Desktop\Tetris 3D\Tetris 3D\Block.h(134,56): warning C4838: a conversão de 'double' em 'GLfloat' requer uma conversão de restrição
C:\Users\pedro\Desktop\Tetris 3D\Tetris 3D\Block.h(134,56): warning C4244: 'inicializando': conversão de 'double' para 'GLfloat', possível perda de dados
C:\Users\pedro\Desktop\Tetris 3D\Tetris 3D\Block.h(135,56): warning C4838: a conversão de 'double' em 'GLfloat' requer uma conversão de restrição
C:\Users\pedro\Desktop\Tetris 3D\Tetris 3D\Block.h(135,56): warning C4244: 'inicializando': conversão de 'double' para 'GLfloat', possível perda de dados
C:\Users\pedro\Desktop\Tetris 3D\Tetris 3D\Block.h(175,1): warning C4305: 'argumento': truncamento de 'double' para 'GLfloat'
C:\Users\pedro\Desktop\Tetris 3D\Tetris 3D\Block.h(176,1): warning C4305: 'argumento': truncamento de 'double' para 'GLfloat'
C:\Users\pedro\Desktop\Tetris 3D\Tetris 3D\Block.h(177,1): warning C4305: 'argumento': truncamento de 'double' para 'GLfloat'
C:\Users\pedro\Desktop\Tetris 3D\Tetris 3D\piece.h(152,100): warning C4244: 'argumento': conversão de 'GLfloat' para 'int', possível perda de dados
C:\Users\pedro\Desktop\Tetris 3D\Tetris 3D\piece.h(152,74): warning C4244: 'argumento': conversão de 'GLfloat' para 'int', possível perda de dados
C:\Users\pedro\Desktop\Tetris 3D\Tetris 3D\piece.h(152,48): warning C4244: 'argumento': conversão de 'GLfloat' para 'int', possível perda de dados
C:\Users\pedro\Desktop\Tetris 3D\Tetris 3D\piece.h(194,36): warning C4244: '=': conversão de 'GLfloat' para 'int', possível perda de dados
C:\Users\pedro\Desktop\Tetris 3D\Tetris 3D\piece.h(195,36): warning C4244: '=': conversão de 'GLfloat' para 'int', possível perda de dados
C:\Users\pedro\Desktop\Tetris 3D\Tetris 3D\piece.h(197,82): warning C4244: 'argumento': conversão de 'GLfloat' para 'int', possível perda de dados
C:\Users\pedro\Desktop\Tetris 3D\Tetris 3D\piece.h(197,45): warning C4244: 'argumento': conversão de 'GLfloat' para 'int', possível perda de dados
C:\Users\pedro\Desktop\Tetris 3D\Tetris 3D\piece.h(201,45): warning C4244: 'argumento': conversão de 'GLfloat' para 'int', possível perda de dados
C:\Users\pedro\Desktop\Tetris 3D\Tetris 3D\piece.h(207,36): warning C4244: '=': conversão de 'GLfloat' para 'int', possível perda de dados
C:\Users\pedro\Desktop\Tetris 3D\Tetris 3D\piece.h(208,36): warning C4244: '=': conversão de 'GLfloat' para 'int', possível perda de dados
C:\Users\pedro\Desktop\Tetris 3D\Tetris 3D\piece.h(210,44): warning C4244: 'argumento': conversão de 'GLfloat' para 'int', possível perda de dados
C:\Users\pedro\Desktop\Tetris 3D\Tetris 3D\piece.h(226,36): warning C4244: '=': conversão de 'GLfloat' para 'int', possível perda de dados
C:\Users\pedro\Desktop\Tetris 3D\Tetris 3D\piece.h(227,36): warning C4244: '=': conversão de 'GLfloat' para 'int', possível perda de dados
C:\Users\pedro\Desktop\Tetris 3D\Tetris 3D\piece.h(229,81): warning C4244: 'argumento': conversão de 'GLfloat' para 'int', possível perda de dados
C:\Users\pedro\Desktop\Tetris 3D\Tetris 3D\piece.h(229,42): warning C4244: 'argumento': conversão de 'GLfloat' para 'int', possível perda de dados
C:\Users\pedro\Desktop\Tetris 3D\Tetris 3D\piece.h(233,59): warning C4244: 'argumento': conversão de 'GLfloat' para 'int', possível perda de dados
C:\Users\pedro\Desktop\Tetris 3D\Tetris 3D\piece.h(239,36): warning C4244: '=': conversão de 'GLfloat' para 'int', possível perda de dados
C:\Users\pedro\Desktop\Tetris 3D\Tetris 3D\piece.h(240,36): warning C4244: '=': conversão de 'GLfloat' para 'int', possível perda de dados
C:\Users\pedro\Desktop\Tetris 3D\Tetris 3D\piece.h(242,59): warning C4244: 'argumento': conversão de 'GLfloat' para 'int', possível perda de dados
C:\Users\pedro\Desktop\Tetris 3D\Tetris 3D\piece.h(258,36): warning C4244: '=': conversão de 'GLfloat' para 'int', possível perda de dados
C:\Users\pedro\Desktop\Tetris 3D\Tetris 3D\piece.h(259,36): warning C4244: '=': conversão de 'GLfloat' para 'int', possível perda de dados
C:\Users\pedro\Desktop\Tetris 3D\Tetris 3D\piece.h(261,79): warning C4244: 'argumento': conversão de 'GLfloat' para 'int', possível perda de dados
C:\Users\pedro\Desktop\Tetris 3D\Tetris 3D\piece.h(261,42): warning C4244: 'argumento': conversão de 'GLfloat' para 'int', possível perda de dados
C:\Users\pedro\Desktop\Tetris 3D\Tetris 3D\piece.h(265,75): warning C4244: 'argumento': conversão de 'GLfloat' para 'int', possível perda de dados
C:\Users\pedro\Desktop\Tetris 3D\Tetris 3D\piece.h(271,36): warning C4244: '=': conversão de 'GLfloat' para 'int', possível perda de dados
C:\Users\pedro\Desktop\Tetris 3D\Tetris 3D\piece.h(272,36): warning C4244: '=': conversão de 'GLfloat' para 'int', possível perda de dados
C:\Users\pedro\Desktop\Tetris 3D\Tetris 3D\piece.h(274,74): warning C4244: 'argumento': conversão de 'GLfloat' para 'int', possível perda de dados
C:\Users\pedro\Desktop\Tetris 3D\Tetris 3D\piece.h(328,164): warning C4244: 'argumento': conversão de 'GLfloat' para 'int', possível perda de dados
C:\Users\pedro\Desktop\Tetris 3D\Tetris 3D\piece.h(328,144): warning C4244: 'argumento': conversão de 'GLfloat' para 'int', possível perda de dados
C:\Users\pedro\Desktop\Tetris 3D\Tetris 3D\piece.h(328,121): warning C4244: 'argumento': conversão de 'GLfloat' para 'int', possível perda de dados
C:\Users\pedro\Desktop\Tetris 3D\Tetris 3D\Board.h(48,11): warning C4244: '=': conversão de 'GLfloat' para 'int', possível perda de dados
C:\Users\pedro\Desktop\Tetris 3D\Tetris 3D\Board.h(49,12): warning C4244: '=': conversão de 'GLfloat' para 'int', possível perda de dados
C:\Users\pedro\Desktop\Tetris 3D\Tetris 3D\Board.h(63,31): warning C4244: '=': conversão de 'double' para 'GLfloat', possível perda de dados
C:\Users\pedro\Desktop\Tetris 3D\Tetris 3D\Board.h(65,21): warning C4244: '=': conversão de 'double' para 'GLfloat', possível perda de dados
C:\Users\pedro\Desktop\Tetris 3D\Tetris 3D\Board.h(66,21): warning C4244: '=': conversão de 'double' para 'GLfloat', possível perda de dados
C:\Users\pedro\Desktop\Tetris 3D\Tetris 3D\Board.h(88,11): warning C4244: '=': conversão de 'GLfloat' para 'int', possível perda de dados
C:\Users\pedro\Desktop\Tetris 3D\Tetris 3D\Board.h(89,12): warning C4244: '=': conversão de 'GLfloat' para 'int', possível perda de dados
C:\Users\pedro\Desktop\Tetris 3D\Tetris 3D\Board.h(96,31): warning C4244: '=': conversão de 'double' para 'GLfloat', possível perda de dados
C:\Users\pedro\Desktop\Tetris 3D\Tetris 3D\Board.h(98,22): warning C4244: '=': conversão de 'double' para 'GLfloat', possível perda de dados
C:\Users\pedro\Desktop\Tetris 3D\Tetris 3D\Board.h(99,22): warning C4244: '=': conversão de 'double' para 'GLfloat', possível perda de dados
C:\Users\pedro\Desktop\Tetris 3D\Tetris 3D\Board.h(346,69): warning C4244: 'argumento': conversão de 'double' para 'GLfloat', possível perda de dados
C:\Users\pedro\Desktop\Tetris 3D\Tetris 3D\Board.h(422,17): warning C4244: 'argumento': conversão de 'int' para 'GLfloat', possível perda de dados
C:\Users\pedro\Desktop\Tetris 3D\Tetris 3D\Board.h(424,28): warning C4244: 'argumento': conversão de 'double' para 'GLfloat', possível perda de dados
C:\Users\pedro\Desktop\Tetris 3D\Tetris 3D\Board.h(447,17): warning C4244: 'argumento': conversão de 'int' para 'GLfloat', possível perda de dados
C:\Users\pedro\Desktop\Tetris 3D\Tetris 3D\Board.h(449,28): warning C4244: 'argumento': conversão de 'double' para 'GLfloat', possível perda de dados
C:\Users\pedro\Desktop\Tetris 3D\Tetris 3D\GameController.h(36,38): warning C4244: 'argumento': conversão de 'double' para 'GLfloat', possível perda de dados
C:\Users\pedro\Desktop\Tetris 3D\Tetris 3D\GameController.h(36,24): warning C4244: 'argumento': conversão de 'double' para 'GLfloat', possível perda de dados
C:\Users\pedro\Desktop\Tetris 3D\Tetris 3D\GameController.h(45,42): warning C4244: 'argumento': conversão de 'double' para 'GLfloat', possível perda de dados
C:\Users\pedro\Desktop\Tetris 3D\Tetris 3D\GameController.h(45,28): warning C4244: 'argumento': conversão de 'double' para 'GLfloat', possível perda de dados
C:\Users\pedro\Desktop\Tetris 3D\Tetris 3D\GameController.h(56,99): warning C4244: 'argumento': conversão de 'double' para 'GLfloat', possível perda de dados
C:\Users\pedro\Desktop\Tetris 3D\Tetris 3D\GameController.h(56,85): warning C4244: 'argumento': conversão de 'double' para 'GLfloat', possível perda de dados
C:\Users\pedro\Desktop\Tetris 3D\Tetris 3D\GameController.h(57,99): warning C4244: 'argumento': conversão de 'double' para 'GLfloat', possível perda de dados
C:\Users\pedro\Desktop\Tetris 3D\Tetris 3D\GameController.h(57,85): warning C4244: 'argumento': conversão de 'double' para 'GLfloat', possível perda de dados
C:\Users\pedro\Desktop\Tetris 3D\Tetris 3D\GameController.h(67,64): warning C4244: 'argumento': conversão de 'double' para 'GLfloat', possível perda de dados
C:\Users\pedro\Desktop\Tetris 3D\Tetris 3D\GameController.h(67,49): warning C4244: 'argumento': conversão de 'double' para 'GLfloat', possível perda de dados
C:\Users\pedro\Desktop\Tetris 3D\Tetris 3D\GameController.h(68,94): warning C4244: 'argumento': conversão de 'double' para 'GLfloat', possível perda de dados
C:\Users\pedro\Desktop\Tetris 3D\Tetris 3D\GameController.h(68,79): warning C4244: 'argumento': conversão de 'double' para 'GLfloat', possível perda de dados
C:\Users\pedro\Desktop\Tetris 3D\Tetris 3D\GameController.h(69,93): warning C4244: 'argumento': conversão de 'double' para 'GLfloat', possível perda de dados
C:\Users\pedro\Desktop\Tetris 3D\Tetris 3D\GameController.h(69,78): warning C4244: 'argumento': conversão de 'double' para 'GLfloat', possível perda de dados
C:\Users\pedro\Desktop\Tetris 3D\Tetris 3D\GameController.h(70,53): warning C4244: 'argumento': conversão de 'double' para 'GLfloat', possível perda de dados
C:\Users\pedro\Desktop\Tetris 3D\Tetris 3D\GameController.h(70,39): warning C4244: 'argumento': conversão de 'double' para 'GLfloat', possível perda de dados
C:\Users\pedro\Desktop\Tetris 3D\Tetris 3D\GameController.h(76,64): warning C4244: 'argumento': conversão de 'double' para 'GLfloat', possível perda de dados
C:\Users\pedro\Desktop\Tetris 3D\Tetris 3D\GameController.h(76,49): warning C4244: 'argumento': conversão de 'double' para 'GLfloat', possível perda de dados
C:\Users\pedro\Desktop\Tetris 3D\Tetris 3D\GameController.h(77,83): warning C4244: 'argumento': conversão de 'double' para 'GLfloat', possível perda de dados
C:\Users\pedro\Desktop\Tetris 3D\Tetris 3D\GameController.h(77,68): warning C4244: 'argumento': conversão de 'double' para 'GLfloat', possível perda de dados
C:\Users\pedro\Desktop\Tetris 3D\Tetris 3D\GameController.h(78,69): warning C4244: 'argumento': conversão de 'double' para 'GLfloat', possível perda de dados
C:\Users\pedro\Desktop\Tetris 3D\Tetris 3D\GameController.h(78,54): warning C4244: 'argumento': conversão de 'double' para 'GLfloat', possível perda de dados
C:\Users\pedro\Desktop\Tetris 3D\Tetris 3D\GameController.h(79,58): warning C4244: 'argumento': conversão de 'double' para 'GLfloat', possível perda de dados
C:\Users\pedro\Desktop\Tetris 3D\Tetris 3D\GameController.h(79,43): warning C4244: 'argumento': conversão de 'double' para 'GLfloat', possível perda de dados
C:\Users\pedro\Desktop\Tetris 3D\Tetris 3D\GameController.h(81,86): warning C4244: 'argumento': conversão de 'double' para 'GLfloat', possível perda de dados
C:\Users\pedro\Desktop\Tetris 3D\Tetris 3D\GameController.h(81,71): warning C4244: 'argumento': conversão de 'double' para 'GLfloat', possível perda de dados
C:\Users\pedro\Desktop\Tetris 3D\Tetris 3D\GameController.h(82,87): warning C4244: 'argumento': conversão de 'double' para 'GLfloat', possível perda de dados
C:\Users\pedro\Desktop\Tetris 3D\Tetris 3D\GameController.h(82,72): warning C4244: 'argumento': conversão de 'double' para 'GLfloat', possível perda de dados
C:\Users\pedro\Desktop\Tetris 3D\Tetris 3D\GameController.h(116,38): warning C4244: 'argumento': conversão de 'double' para 'GLfloat', possível perda de dados
C:\Users\pedro\Desktop\Tetris 3D\Tetris 3D\GameController.h(116,24): warning C4244: 'argumento': conversão de 'double' para 'GLfloat', possível perda de dados
C:\Users\pedro\Desktop\Tetris 3D\Tetris 3D\GameController.h(132,61): warning C4244: 'argumento': conversão de 'double' para 'GLfloat', possível perda de dados
C:\Users\pedro\Desktop\Tetris 3D\Tetris 3D\GameController.h(132,47): warning C4244: 'argumento': conversão de 'double' para 'GLfloat', possível perda de dados
C:\Users\pedro\Desktop\Tetris 3D\Tetris 3D\GameController.h(133,52): warning C4244: 'argumento': conversão de 'double' para 'GLfloat', possível perda de dados
C:\Users\pedro\Desktop\Tetris 3D\Tetris 3D\GameController.h(133,38): warning C4244: 'argumento': conversão de 'double' para 'GLfloat', possível perda de dados
C:\Users\pedro\Desktop\Tetris 3D\Tetris 3D\GameController.h(147,64): warning C4244: 'argumento': conversão de 'double' para 'GLfloat', possível perda de dados
C:\Users\pedro\Desktop\Tetris 3D\Tetris 3D\GameController.h(147,49): warning C4244: 'argumento': conversão de 'double' para 'GLfloat', possível perda de dados
C:\Users\pedro\Desktop\Tetris 3D\Tetris 3D\GameController.h(148,94): warning C4244: 'argumento': conversão de 'double' para 'GLfloat', possível perda de dados
C:\Users\pedro\Desktop\Tetris 3D\Tetris 3D\GameController.h(148,79): warning C4244: 'argumento': conversão de 'double' para 'GLfloat', possível perda de dados
C:\Users\pedro\Desktop\Tetris 3D\Tetris 3D\GameController.h(149,93): warning C4244: 'argumento': conversão de 'double' para 'GLfloat', possível perda de dados
C:\Users\pedro\Desktop\Tetris 3D\Tetris 3D\GameController.h(149,78): warning C4244: 'argumento': conversão de 'double' para 'GLfloat', possível perda de dados
C:\Users\pedro\Desktop\Tetris 3D\Tetris 3D\GameController.h(150,53): warning C4244: 'argumento': conversão de 'double' para 'GLfloat', possível perda de dados
C:\Users\pedro\Desktop\Tetris 3D\Tetris 3D\GameController.h(150,39): warning C4244: 'argumento': conversão de 'double' para 'GLfloat', possível perda de dados
C:\Users\pedro\Desktop\Tetris 3D\Tetris 3D\GameController.h(152,63): warning C4244: 'argumento': conversão de 'double' para 'GLfloat', possível perda de dados
C:\Users\pedro\Desktop\Tetris 3D\Tetris 3D\GameController.h(152,48): warning C4244: 'argumento': conversão de 'double' para 'GLfloat', possível perda de dados
C:\Users\pedro\Desktop\Tetris 3D\Tetris 3D\GameController.h(153,93): warning C4244: 'argumento': conversão de 'double' para 'GLfloat', possível perda de dados
C:\Users\pedro\Desktop\Tetris 3D\Tetris 3D\GameController.h(153,78): warning C4244: 'argumento': conversão de 'double' para 'GLfloat', possível perda de dados
C:\Users\pedro\Desktop\Tetris 3D\Tetris 3D\GameController.h(154,92): warning C4244: 'argumento': conversão de 'double' para 'GLfloat', possível perda de dados
C:\Users\pedro\Desktop\Tetris 3D\Tetris 3D\GameController.h(154,77): warning C4244: 'argumento': conversão de 'double' para 'GLfloat', possível perda de dados
C:\Users\pedro\Desktop\Tetris 3D\Tetris 3D\Controller.h(79,68): warning C4244: 'argumento': conversão de 'double' para 'GLfloat', possível perda de dados
C:\Users\pedro\Desktop\Tetris 3D\Tetris 3D\Controller.h(79,52): warning C4244: 'argumento': conversão de 'double' para 'GLfloat', possível perda de dados
C:\Users\pedro\Desktop\Tetris 3D\Tetris 3D\Controller.h(80,67): warning C4244: 'argumento': conversão de 'double' para 'GLfloat', possível perda de dados
C:\Users\pedro\Desktop\Tetris 3D\Tetris 3D\Controller.h(80,51): warning C4244: 'argumento': conversão de 'double' para 'GLfloat', possível perda de dados
C:\Users\pedro\Desktop\Tetris 3D\Tetris 3D\Controller.h(81,62): warning C4244: 'argumento': conversão de 'double' para 'GLfloat', possível perda de dados
C:\Users\pedro\Desktop\Tetris 3D\Tetris 3D\Controller.h(81,47): warning C4244: 'argumento': conversão de 'double' para 'GLfloat', possível perda de dados
C:\Users\pedro\Desktop\Tetris 3D\Tetris 3D\Controller.h(82,59): warning C4244: 'argumento': conversão de 'double' para 'GLfloat', possível perda de dados
C:\Users\pedro\Desktop\Tetris 3D\Tetris 3D\Controller.h(82,44): warning C4244: 'argumento': conversão de 'double' para 'GLfloat', possível perda de dados
C:\Users\pedro\Desktop\Tetris 3D\Tetris 3D\Controller.h(90,1): warning C4305: '+=': truncamento de 'double' para 'GLfloat'
C:\Users\pedro\Desktop\Tetris 3D\Tetris 3D\Controller.h(93,32): warning C4244: 'argumento': conversão de 'double' para 'GLfloat', possível perda de dados
C:\Users\pedro\Desktop\Tetris 3D\Tetris 3D\Controller.h(102,169): warning C4244: 'argumento': conversão de 'double' para 'GLfloat', possível perda de dados
C:\Users\pedro\Desktop\Tetris 3D\Tetris 3D\Controller.h(102,154): warning C4244: 'argumento': conversão de 'double' para 'GLfloat', possível perda de dados
C:\Users\pedro\Desktop\Tetris 3D\Tetris 3D\Controller.h(102,135): warning C4244: 'argumento': conversão de 'double' para 'GLfloat', possível perda de dados
C:\Users\pedro\Desktop\Tetris 3D\Tetris 3D\Controller.h(102,118): warning C4244: 'argumento': conversão de 'double' para 'GLfloat', possível perda de dados
C:\Users\pedro\Desktop\Tetris 3D\Tetris 3D\Controller.h(103,82): warning C4244: 'argumento': conversão de 'double' para 'GLfloat', possível perda de dados
C:\Users\pedro\Desktop\Tetris 3D\Tetris 3D\Controller.h(103,67): warning C4244: 'argumento': conversão de 'double' para 'GLfloat', possível perda de dados
C:\Users\pedro\Desktop\Tetris 3D\Tetris 3D\Controller.h(103,48): warning C4244: 'argumento': conversão de 'double' para 'GLfloat', possível perda de dados
C:\Users\pedro\Desktop\Tetris 3D\Tetris 3D\Controller.h(103,31): warning C4244: 'argumento': conversão de 'double' para 'GLfloat', possível perda de dados
C:\Users\pedro\Desktop\Tetris 3D\Tetris 3D\Controller.h(106,152): warning C4244: 'argumento': conversão de 'double' para 'GLfloat', possível perda de dados
C:\Users\pedro\Desktop\Tetris 3D\Tetris 3D\Controller.h(106,138): warning C4244: 'argumento': conversão de 'double' para 'GLfloat', possível perda de dados
C:\Users\pedro\Desktop\Tetris 3D\Tetris 3D\Controller.h(106,122): warning C4244: 'argumento': conversão de 'double' para 'GLfloat', possível perda de dados
C:\Users\pedro\Desktop\Tetris 3D\Tetris 3D\Controller.h(106,108): warning C4244: 'argumento': conversão de 'double' para 'GLfloat', possível perda de dados
C:\Users\pedro\Desktop\Tetris 3D\Tetris 3D\Controller.h(107,75): warning C4244: 'argumento': conversão de 'double' para 'GLfloat', possível perda de dados
C:\Users\pedro\Desktop\Tetris 3D\Tetris 3D\Controller.h(107,61): warning C4244: 'argumento': conversão de 'double' para 'GLfloat', possível perda de dados
C:\Users\pedro\Desktop\Tetris 3D\Tetris 3D\Controller.h(107,45): warning C4244: 'argumento': conversão de 'double' para 'GLfloat', possível perda de dados
C:\Users\pedro\Desktop\Tetris 3D\Tetris 3D\Controller.h(107,31): warning C4244: 'argumento': conversão de 'double' para 'GLfloat', possível perda de dados
C:\Users\pedro\Desktop\Tetris 3D\Tetris 3D\Controller.h(109,151): warning C4244: 'argumento': conversão de 'double' para 'GLfloat', possível perda de dados
C:\Users\pedro\Desktop\Tetris 3D\Tetris 3D\Controller.h(109,137): warning C4244: 'argumento': conversão de 'double' para 'GLfloat', possível perda de dados
C:\Users\pedro\Desktop\Tetris 3D\Tetris 3D\Controller.h(109,121): warning C4244: 'argumento': conversão de 'double' para 'GLfloat', possível perda de dados
C:\Users\pedro\Desktop\Tetris 3D\Tetris 3D\Controller.h(109,107): warning C4244: 'argumento': conversão de 'double' para 'GLfloat', possível perda de dados
C:\Users\pedro\Desktop\Tetris 3D\Tetris 3D\Controller.h(110,75): warning C4244: 'argumento': conversão de 'double' para 'GLfloat', possível perda de dados
C:\Users\pedro\Desktop\Tetris 3D\Tetris 3D\Controller.h(110,61): warning C4244: 'argumento': conversão de 'double' para 'GLfloat', possível perda de dados
C:\Users\pedro\Desktop\Tetris 3D\Tetris 3D\Controller.h(110,45): warning C4244: 'argumento': conversão de 'double' para 'GLfloat', possível perda de dados
C:\Users\pedro\Desktop\Tetris 3D\Tetris 3D\Controller.h(110,31): warning C4244: 'argumento': conversão de 'double' para 'GLfloat', possível perda de dados
C:\Users\pedro\Desktop\Tetris 3D\Tetris 3D\Controller.h(113,151): warning C4244: 'argumento': conversão de 'double' para 'GLfloat', possível perda de dados
C:\Users\pedro\Desktop\Tetris 3D\Tetris 3D\Controller.h(113,137): warning C4244: 'argumento': conversão de 'double' para 'GLfloat', possível perda de dados
C:\Users\pedro\Desktop\Tetris 3D\Tetris 3D\Controller.h(113,121): warning C4244: 'argumento': conversão de 'double' para 'GLfloat', possível perda de dados
C:\Users\pedro\Desktop\Tetris 3D\Tetris 3D\Controller.h(113,107): warning C4244: 'argumento': conversão de 'double' para 'GLfloat', possível perda de dados
C:\Users\pedro\Desktop\Tetris 3D\Tetris 3D\Controller.h(114,75): warning C4244: 'argumento': conversão de 'double' para 'GLfloat', possível perda de dados
C:\Users\pedro\Desktop\Tetris 3D\Tetris 3D\Controller.h(114,61): warning C4244: 'argumento': conversão de 'double' para 'GLfloat', possível perda de dados
C:\Users\pedro\Desktop\Tetris 3D\Tetris 3D\Controller.h(114,45): warning C4244: 'argumento': conversão de 'double' para 'GLfloat', possível perda de dados
C:\Users\pedro\Desktop\Tetris 3D\Tetris 3D\Controller.h(114,31): warning C4244: 'argumento': conversão de 'double' para 'GLfloat', possível perda de dados
C:\Users\pedro\Desktop\Tetris 3D\Tetris 3D\Controller.h(126,61): warning C4244: 'argumento': conversão de 'double' para 'GLfloat', possível perda de dados
C:\Users\pedro\Desktop\Tetris 3D\Tetris 3D\Controller.h(126,46): warning C4244: 'argumento': conversão de 'double' para 'GLfloat', possível perda de dados
C:\Users\pedro\Desktop\Tetris 3D\Tetris 3D\Controller.h(134,1): warning C4305: '+=': truncamento de 'double' para 'GLfloat'
C:\Users\pedro\Desktop\Tetris 3D\Tetris 3D\Controller.h(137,32): warning C4244: 'argumento': conversão de 'double' para 'GLfloat', possível perda de dados
C:\Users\pedro\Desktop\Tetris 3D\Tetris 3D\Controller.h(145,169): warning C4244: 'argumento': conversão de 'double' para 'GLfloat', possível perda de dados
C:\Users\pedro\Desktop\Tetris 3D\Tetris 3D\Controller.h(145,154): warning C4244: 'argumento': conversão de 'double' para 'GLfloat', possível perda de dados
C:\Users\pedro\Desktop\Tetris 3D\Tetris 3D\Controller.h(145,135): warning C4244: 'argumento': conversão de 'double' para 'GLfloat', possível perda de dados
C:\Users\pedro\Desktop\Tetris 3D\Tetris 3D\Controller.h(145,118): warning C4244: 'argumento': conversão de 'double' para 'GLfloat', possível perda de dados
C:\Users\pedro\Desktop\Tetris 3D\Tetris 3D\Controller.h(146,82): warning C4244: 'argumento': conversão de 'double' para 'GLfloat', possível perda de dados
C:\Users\pedro\Desktop\Tetris 3D\Tetris 3D\Controller.h(146,67): warning C4244: 'argumento': conversão de 'double' para 'GLfloat', possível perda de dados
C:\Users\pedro\Desktop\Tetris 3D\Tetris 3D\Controller.h(146,48): warning C4244: 'argumento': conversão de 'double' para 'GLfloat', possível perda de dados
C:\Users\pedro\Desktop\Tetris 3D\Tetris 3D\Controller.h(146,31): warning C4244: 'argumento': conversão de 'double' para 'GLfloat', possível perda de dados
C:\Users\pedro\Desktop\Tetris 3D\Tetris 3D\Controller.h(155,71): warning C4244: 'argumento': conversão de 'double' para 'GLfloat', possível perda de dados
C:\Users\pedro\Desktop\Tetris 3D\Tetris 3D\Controller.h(155,56): warning C4244: 'argumento': conversão de 'double' para 'GLfloat', possível perda de dados
C:\Users\pedro\Desktop\Tetris 3D\Tetris 3D\Controller.h(156,81): warning C4244: 'argumento': conversão de 'double' para 'GLfloat', possível perda de dados
C:\Users\pedro\Desktop\Tetris 3D\Tetris 3D\Controller.h(156,42): warning C4244: 'argumento': conversão de 'double' para 'GLfloat', possível perda de dados
C:\Users\pedro\Desktop\Tetris 3D\Tetris 3D\Controller.h(157,62): warning C4244: 'argumento': conversão de 'double' para 'GLfloat', possível perda de dados
C:\Users\pedro\Desktop\Tetris 3D\Tetris 3D\Controller.h(157,46): warning C4244: 'argumento': conversão de 'double' para 'GLfloat', possível perda de dados
C:\Users\pedro\Desktop\Tetris 3D\Tetris 3D\Controller.h(158,63): warning C4244: 'argumento': conversão de 'double' para 'GLfloat', possível perda de dados
C:\Users\pedro\Desktop\Tetris 3D\Tetris 3D\Controller.h(158,47): warning C4244: 'argumento': conversão de 'double' para 'GLfloat', possível perda de dados
C:\Users\pedro\Desktop\Tetris 3D\Tetris 3D\Controller.h(159,63): warning C4244: 'argumento': conversão de 'double' para 'GLfloat', possível perda de dados
C:\Users\pedro\Desktop\Tetris 3D\Tetris 3D\Controller.h(159,47): warning C4244: 'argumento': conversão de 'double' para 'GLfloat', possível perda de dados
C:\Users\pedro\Desktop\Tetris 3D\Tetris 3D\Controller.h(167,1): warning C4305: '+=': truncamento de 'double' para 'GLfloat'
C:\Users\pedro\Desktop\Tetris 3D\Tetris 3D\Controller.h(170,32): warning C4244: 'argumento': conversão de 'double' para 'GLfloat', possível perda de dados
C:\Users\pedro\Desktop\Tetris 3D\Tetris 3D\Controller.h(178,71): warning C4244: 'argumento': conversão de 'double' para 'GLfloat', possível perda de dados
C:\Users\pedro\Desktop\Tetris 3D\Tetris 3D\Controller.h(178,57): warning C4244: 'argumento': conversão de 'double' para 'GLfloat', possível perda de dados
C:\Users\pedro\Desktop\Tetris 3D\Tetris 3D\Controller.h(178,40): warning C4244: 'argumento': conversão de 'double' para 'GLfloat', possível perda de dados
C:\Users\pedro\Desktop\Tetris 3D\Tetris 3D\Controller.h(178,26): warning C4244: 'argumento': conversão de 'double' para 'GLfloat', possível perda de dados
C:\Users\pedro\Desktop\Tetris 3D\Tetris 3D\Controller.h(181,169): warning C4244: 'argumento': conversão de 'double' para 'GLfloat', possível perda de dados
C:\Users\pedro\Desktop\Tetris 3D\Tetris 3D\Controller.h(181,154): warning C4244: 'argumento': conversão de 'double' para 'GLfloat', possível perda de dados
C:\Users\pedro\Desktop\Tetris 3D\Tetris 3D\Controller.h(181,135): warning C4244: 'argumento': conversão de 'double' para 'GLfloat', possível perda de dados
C:\Users\pedro\Desktop\Tetris 3D\Tetris 3D\Controller.h(181,118): warning C4244: 'argumento': conversão de 'double' para 'GLfloat', possível perda de dados
C:\Users\pedro\Desktop\Tetris 3D\Tetris 3D\Controller.h(182,82): warning C4244: 'argumento': conversão de 'double' para 'GLfloat', possível perda de dados
C:\Users\pedro\Desktop\Tetris 3D\Tetris 3D\Controller.h(182,67): warning C4244: 'argumento': conversão de 'double' para 'GLfloat', possível perda de dados
C:\Users\pedro\Desktop\Tetris 3D\Tetris 3D\Controller.h(182,48): warning C4244: 'argumento': conversão de 'double' para 'GLfloat', possível perda de dados
C:\Users\pedro\Desktop\Tetris 3D\Tetris 3D\Controller.h(182,31): warning C4244: 'argumento': conversão de 'double' para 'GLfloat', possível perda de dados
C:\Users\pedro\Desktop\Tetris 3D\Tetris 3D\Controller.h(185,169): warning C4244: 'argumento': conversão de 'double' para 'GLfloat', possível perda de dados
C:\Users\pedro\Desktop\Tetris 3D\Tetris 3D\Controller.h(185,154): warning C4244: 'argumento': conversão de 'double' para 'GLfloat', possível perda de dados
C:\Users\pedro\Desktop\Tetris 3D\Tetris 3D\Controller.h(185,135): warning C4244: 'argumento': conversão de 'double' para 'GLfloat', possível perda de dados
C:\Users\pedro\Desktop\Tetris 3D\Tetris 3D\Controller.h(185,118): warning C4244: 'argumento': conversão de 'double' para 'GLfloat', possível perda de dados
C:\Users\pedro\Desktop\Tetris 3D\Tetris 3D\Controller.h(186,82): warning C4244: 'argumento': conversão de 'double' para 'GLfloat', possível perda de dados
C:\Users\pedro\Desktop\Tetris 3D\Tetris 3D\Controller.h(186,67): warning C4244: 'argumento': conversão de 'double' para 'GLfloat', possível perda de dados
C:\Users\pedro\Desktop\Tetris 3D\Tetris 3D\Controller.h(186,48): warning C4244: 'argumento': conversão de 'double' para 'GLfloat', possível perda de dados
C:\Users\pedro\Desktop\Tetris 3D\Tetris 3D\Controller.h(186,31): warning C4244: 'argumento': conversão de 'double' para 'GLfloat', possível perda de dados
C:\Users\pedro\Desktop\Tetris 3D\Tetris 3D\Controller.h(189,165): warning C4244: 'argumento': conversão de 'double' para 'GLfloat', possível perda de dados
C:\Users\pedro\Desktop\Tetris 3D\Tetris 3D\Controller.h(189,150): warning C4244: 'argumento': conversão de 'double' para 'GLfloat', possível perda de dados
C:\Users\pedro\Desktop\Tetris 3D\Tetris 3D\Controller.h(189,133): warning C4244: 'argumento': conversão de 'double' para 'GLfloat', possível perda de dados
C:\Users\pedro\Desktop\Tetris 3D\Tetris 3D\Controller.h(189,116): warning C4244: 'argumento': conversão de 'double' para 'GLfloat', possível perda de dados
C:\Users\pedro\Desktop\Tetris 3D\Tetris 3D\Controller.h(190,80): warning C4244: 'argumento': conversão de 'double' para 'GLfloat', possível perda de dados
C:\Users\pedro\Desktop\Tetris 3D\Tetris 3D\Controller.h(190,65): warning C4244: 'argumento': conversão de 'double' para 'GLfloat', possível perda de dados
C:\Users\pedro\Desktop\Tetris 3D\Tetris 3D\Controller.h(190,48): warning C4244: 'argumento': conversão de 'double' para 'GLfloat', possível perda de dados
C:\Users\pedro\Desktop\Tetris 3D\Tetris 3D\Controller.h(190,31): warning C4244: 'argumento': conversão de 'double' para 'GLfloat', possível perda de dados
C:\Users\pedro\Desktop\Tetris 3D\Tetris 3D\Controller.h(202,61): warning C4244: 'argumento': conversão de 'double' para 'GLfloat', possível perda de dados
C:\Users\pedro\Desktop\Tetris 3D\Tetris 3D\Controller.h(202,45): warning C4244: 'argumento': conversão de 'double' para 'GLfloat', possível perda de dados
C:\Users\pedro\Desktop\Tetris 3D\Tetris 3D\Controller.h(205,169): warning C4244: 'argumento': conversão de 'double' para 'GLfloat', possível perda de dados
C:\Users\pedro\Desktop\Tetris 3D\Tetris 3D\Controller.h(205,154): warning C4244: 'argumento': conversão de 'double' para 'GLfloat', possível perda de dados
C:\Users\pedro\Desktop\Tetris 3D\Tetris 3D\Controller.h(205,135): warning C4244: 'argumento': conversão de 'double' para 'GLfloat', possível perda de dados
C:\Users\pedro\Desktop\Tetris 3D\Tetris 3D\Controller.h(205,118): warning C4244: 'argumento': conversão de 'double' para 'GLfloat', possível perda de dados
C:\Users\pedro\Desktop\Tetris 3D\Tetris 3D\Controller.h(206,82): warning C4244: 'argumento': conversão de 'double' para 'GLfloat', possível perda de dados
C:\Users\pedro\Desktop\Tetris 3D\Tetris 3D\Controller.h(206,67): warning C4244: 'argumento': conversão de 'double' para 'GLfloat', possível perda de dados
C:\Users\pedro\Desktop\Tetris 3D\Tetris 3D\Controller.h(206,48): warning C4244: 'argumento': conversão de 'double' para 'GLfloat', possível perda de dados
C:\Users\pedro\Desktop\Tetris 3D\Tetris 3D\Controller.h(206,31): warning C4244: 'argumento': conversão de 'double' para 'GLfloat', possível perda de dados
C:\Users\pedro\Desktop\Tetris 3D\Tetris 3D\Controller.h(213,67): warning C4244: 'argumento': conversão de 'double' para 'GLfloat', possível perda de dados
C:\Users\pedro\Desktop\Tetris 3D\Tetris 3D\Controller.h(213,51): warning C4244: 'argumento': conversão de 'double' para 'GLfloat', possível perda de dados
C:\Users\pedro\Desktop\Tetris 3D\Tetris 3D\Controller.h(214,62): warning C4244: 'argumento': conversão de 'double' para 'GLfloat', possível perda de dados
C:\Users\pedro\Desktop\Tetris 3D\Tetris 3D\Controller.h(214,48): warning C4244: 'argumento': conversão de 'double' para 'GLfloat', possível perda de dados
C:\Users\pedro\Desktop\Tetris 3D\Tetris 3D\Controller.h(215,59): warning C4244: 'argumento': conversão de 'double' para 'GLfloat', possível perda de dados
C:\Users\pedro\Desktop\Tetris 3D\Tetris 3D\Controller.h(215,44): warning C4244: 'argumento': conversão de 'double' para 'GLfloat', possível perda de dados
C:\Users\pedro\Desktop\Tetris 3D\Tetris 3D\Controller.h(216,59): warning C4244: 'argumento': conversão de 'double' para 'GLfloat', possível perda de dados
C:\Users\pedro\Desktop\Tetris 3D\Tetris 3D\Controller.h(216,44): warning C4244: 'argumento': conversão de 'double' para 'GLfloat', possível perda de dados
C:\Users\pedro\Desktop\Tetris 3D\Tetris 3D\Controller.h(225,1): warning C4305: '+=': truncamento de 'double' para 'GLfloat'
C:\Users\pedro\Desktop\Tetris 3D\Tetris 3D\Controller.h(228,32): warning C4244: 'argumento': conversão de 'double' para 'GLfloat', possível perda de dados
C:\Users\pedro\Desktop\Tetris 3D\Tetris 3D\Controller.h(237,169): warning C4244: 'argumento': conversão de 'double' para 'GLfloat', possível perda de dados
C:\Users\pedro\Desktop\Tetris 3D\Tetris 3D\Controller.h(237,154): warning C4244: 'argumento': conversão de 'double' para 'GLfloat', possível perda de dados
C:\Users\pedro\Desktop\Tetris 3D\Tetris 3D\Controller.h(237,135): warning C4244: 'argumento': conversão de 'double' para 'GLfloat', possível perda de dados
C:\Users\pedro\Desktop\Tetris 3D\Tetris 3D\Controller.h(237,118): warning C4244: 'argumento': conversão de 'double' para 'GLfloat', possível perda de dados
C:\Users\pedro\Desktop\Tetris 3D\Tetris 3D\Controller.h(238,82): warning C4244: 'argumento': conversão de 'double' para 'GLfloat', possível perda de dados
C:\Users\pedro\Desktop\Tetris 3D\Tetris 3D\Controller.h(238,67): warning C4244: 'argumento': conversão de 'double' para 'GLfloat', possível perda de dados
C:\Users\pedro\Desktop\Tetris 3D\Tetris 3D\Controller.h(238,48): warning C4244: 'argumento': conversão de 'double' para 'GLfloat', possível perda de dados
C:\Users\pedro\Desktop\Tetris 3D\Tetris 3D\Controller.h(238,31): warning C4244: 'argumento': conversão de 'double' para 'GLfloat', possível perda de dados
C:\Users\pedro\Desktop\Tetris 3D\Tetris 3D\Controller.h(241,152): warning C4244: 'argumento': conversão de 'double' para 'GLfloat', possível perda de dados
C:\Users\pedro\Desktop\Tetris 3D\Tetris 3D\Controller.h(241,138): warning C4244: 'argumento': conversão de 'double' para 'GLfloat', possível perda de dados
C:\Users\pedro\Desktop\Tetris 3D\Tetris 3D\Controller.h(241,122): warning C4244: 'argumento': conversão de 'double' para 'GLfloat', possível perda de dados
C:\Users\pedro\Desktop\Tetris 3D\Tetris 3D\Controller.h(241,108): warning C4244: 'argumento': conversão de 'double' para 'GLfloat', possível perda de dados
C:\Users\pedro\Desktop\Tetris 3D\Tetris 3D\Controller.h(242,75): warning C4244: 'argumento': conversão de 'double' para 'GLfloat', possível perda de dados
C:\Users\pedro\Desktop\Tetris 3D\Tetris 3D\Controller.h(242,61): warning C4244: 'argumento': conversão de 'double' para 'GLfloat', possível perda de dados
C:\Users\pedro\Desktop\Tetris 3D\Tetris 3D\Controller.h(242,45): warning C4244: 'argumento': conversão de 'double' para 'GLfloat', possível perda de dados
C:\Users\pedro\Desktop\Tetris 3D\Tetris 3D\Controller.h(242,31): warning C4244: 'argumento': conversão de 'double' para 'GLfloat', possível perda de dados
C:\Users\pedro\Desktop\Tetris 3D\Tetris 3D\Controller.h(244,151): warning C4244: 'argumento': conversão de 'double' para 'GLfloat', possível perda de dados
C:\Users\pedro\Desktop\Tetris 3D\Tetris 3D\Controller.h(244,137): warning C4244: 'argumento': conversão de 'double' para 'GLfloat', possível perda de dados
C:\Users\pedro\Desktop\Tetris 3D\Tetris 3D\Controller.h(244,121): warning C4244: 'argumento': conversão de 'double' para 'GLfloat', possível perda de dados
C:\Users\pedro\Desktop\Tetris 3D\Tetris 3D\Controller.h(244,107): warning C4244: 'argumento': conversão de 'double' para 'GLfloat', possível perda de dados
C:\Users\pedro\Desktop\Tetris 3D\Tetris 3D\Controller.h(245,75): warning C4244: 'argumento': conversão de 'double' para 'GLfloat', possível perda de dados
C:\Users\pedro\Desktop\Tetris 3D\Tetris 3D\Controller.h(245,61): warning C4244: 'argumento': conversão de 'double' para 'GLfloat', possível perda de dados
C:\Users\pedro\Desktop\Tetris 3D\Tetris 3D\Controller.h(245,45): warning C4244: 'argumento': conversão de 'double' para 'GLfloat', possível perda de dados
C:\Users\pedro\Desktop\Tetris 3D\Tetris 3D\Controller.h(245,31): warning C4244: 'argumento': conversão de 'double' para 'GLfloat', possível perda de dados
C:\Users\pedro\Desktop\Tetris 3D\Tetris 3D\Controller.h(248,151): warning C4244: 'argumento': conversão de 'double' para 'GLfloat', possível perda de dados
C:\Users\pedro\Desktop\Tetris 3D\Tetris 3D\Controller.h(248,137): warning C4244: 'argumento': conversão de 'double' para 'GLfloat', possível perda de dados
C:\Users\pedro\Desktop\Tetris 3D\Tetris 3D\Controller.h(248,121): warning C4244: 'argumento': conversão de 'double' para 'GLfloat', possível perda de dados
C:\Users\pedro\Desktop\Tetris 3D\Tetris 3D\Controller.h(248,107): warning C4244: 'argumento': conversão de 'double' para 'GLfloat', possível perda de dados
C:\Users\pedro\Desktop\Tetris 3D\Tetris 3D\Controller.h(249,75): warning C4244: 'argumento': conversão de 'double' para 'GLfloat', possível perda de dados
C:\Users\pedro\Desktop\Tetris 3D\Tetris 3D\Controller.h(249,61): warning C4244: 'argumento': conversão de 'double' para 'GLfloat', possível perda de dados
C:\Users\pedro\Desktop\Tetris 3D\Tetris 3D\Controller.h(249,45): warning C4244: 'argumento': conversão de 'double' para 'GLfloat', possível perda de dados
C:\Users\pedro\Desktop\Tetris 3D\Tetris 3D\Controller.h(249,31): warning C4244: 'argumento': conversão de 'double' para 'GLfloat', possível perda de dados
C:\Users\pedro\Desktop\Tetris 3D\Tetris 3D\Controller.h(260,64): warning C4244: 'argumento': conversão de 'double' para 'GLfloat', possível perda de dados
C:\Users\pedro\Desktop\Tetris 3D\Tetris 3D\Controller.h(260,49): warning C4244: 'argumento': conversão de 'double' para 'GLfloat', possível perda de dados
C:\Users\pedro\Desktop\Tetris 3D\Tetris 3D\Controller.h(261,62): warning C4244: 'argumento': conversão de 'double' para 'GLfloat', possível perda de dados
C:\Users\pedro\Desktop\Tetris 3D\Tetris 3D\Controller.h(261,48): warning C4244: 'argumento': conversão de 'double' para 'GLfloat', possível perda de dados
C:\Users\pedro\Desktop\Tetris 3D\Tetris 3D\Controller.h(262,59): warning C4244: 'argumento': conversão de 'double' para 'GLfloat', possível perda de dados
C:\Users\pedro\Desktop\Tetris 3D\Tetris 3D\Controller.h(262,44): warning C4244: 'argumento': conversão de 'double' para 'GLfloat', possível perda de dados
C:\Users\pedro\Desktop\Tetris 3D\Tetris 3D\Controller.h(263,59): warning C4244: 'argumento': conversão de 'double' para 'GLfloat', possível perda de dados
C:\Users\pedro\Desktop\Tetris 3D\Tetris 3D\Controller.h(263,44): warning C4244: 'argumento': conversão de 'double' para 'GLfloat', possível perda de dados
C:\Users\pedro\Desktop\Tetris 3D\Tetris 3D\Controller.h(266,1): warning C4305: '+=': truncamento de 'double' para 'GLfloat'
C:\Users\pedro\Desktop\Tetris 3D\Tetris 3D\Controller.h(273,169): warning C4244: 'argumento': conversão de 'double' para 'GLfloat', possível perda de dados
C:\Users\pedro\Desktop\Tetris 3D\Tetris 3D\Controller.h(273,154): warning C4244: 'argumento': conversão de 'double' para 'GLfloat', possível perda de dados
C:\Users\pedro\Desktop\Tetris 3D\Tetris 3D\Controller.h(273,135): warning C4244: 'argumento': conversão de 'double' para 'GLfloat', possível perda de dados
C:\Users\pedro\Desktop\Tetris 3D\Tetris 3D\Controller.h(273,118): warning C4244: 'argumento': conversão de 'double' para 'GLfloat', possível perda de dados
C:\Users\pedro\Desktop\Tetris 3D\Tetris 3D\Controller.h(274,82): warning C4244: 'argumento': conversão de 'double' para 'GLfloat', possível perda de dados
C:\Users\pedro\Desktop\Tetris 3D\Tetris 3D\Controller.h(274,67): warning C4244: 'argumento': conversão de 'double' para 'GLfloat', possível perda de dados
C:\Users\pedro\Desktop\Tetris 3D\Tetris 3D\Controller.h(274,48): warning C4244: 'argumento': conversão de 'double' para 'GLfloat', possível perda de dados
C:\Users\pedro\Desktop\Tetris 3D\Tetris 3D\Controller.h(274,31): warning C4244: 'argumento': conversão de 'double' para 'GLfloat', possível perda de dados
C:\Users\pedro\Desktop\Tetris 3D\Tetris 3D\Controller.h(277,152): warning C4244: 'argumento': conversão de 'double' para 'GLfloat', possível perda de dados
C:\Users\pedro\Desktop\Tetris 3D\Tetris 3D\Controller.h(277,138): warning C4244: 'argumento': conversão de 'double' para 'GLfloat', possível perda de dados
C:\Users\pedro\Desktop\Tetris 3D\Tetris 3D\Controller.h(277,122): warning C4244: 'argumento': conversão de 'double' para 'GLfloat', possível perda de dados
C:\Users\pedro\Desktop\Tetris 3D\Tetris 3D\Controller.h(277,108): warning C4244: 'argumento': conversão de 'double' para 'GLfloat', possível perda de dados
C:\Users\pedro\Desktop\Tetris 3D\Tetris 3D\Controller.h(278,75): warning C4244: 'argumento': conversão de 'double' para 'GLfloat', possível perda de dados
C:\Users\pedro\Desktop\Tetris 3D\Tetris 3D\Controller.h(278,61): warning C4244: 'argumento': conversão de 'double' para 'GLfloat', possível perda de dados
C:\Users\pedro\Desktop\Tetris 3D\Tetris 3D\Controller.h(278,45): warning C4244: 'argumento': conversão de 'double' para 'GLfloat', possível perda de dados
C:\Users\pedro\Desktop\Tetris 3D\Tetris 3D\Controller.h(278,31): warning C4244: 'argumento': conversão de 'double' para 'GLfloat', possível perda de dados
C:\Users\pedro\Desktop\Tetris 3D\Tetris 3D\Controller.h(280,151): warning C4244: 'argumento': conversão de 'double' para 'GLfloat', possível perda de dados
C:\Users\pedro\Desktop\Tetris 3D\Tetris 3D\Controller.h(280,137): warning C4244: 'argumento': conversão de 'double' para 'GLfloat', possível perda de dados
C:\Users\pedro\Desktop\Tetris 3D\Tetris 3D\Controller.h(280,121): warning C4244: 'argumento': conversão de 'double' para 'GLfloat', possível perda de dados
C:\Users\pedro\Desktop\Tetris 3D\Tetris 3D\Controller.h(280,107): warning C4244: 'argumento': conversão de 'double' para 'GLfloat', possível perda de dados
C:\Users\pedro\Desktop\Tetris 3D\Tetris 3D\Controller.h(281,75): warning C4244: 'argumento': conversão de 'double' para 'GLfloat', possível perda de dados
C:\Users\pedro\Desktop\Tetris 3D\Tetris 3D\Controller.h(281,61): warning C4244: 'argumento': conversão de 'double' para 'GLfloat', possível perda de dados
C:\Users\pedro\Desktop\Tetris 3D\Tetris 3D\Controller.h(281,45): warning C4244: 'argumento': conversão de 'double' para 'GLfloat', possível perda de dados
C:\Users\pedro\Desktop\Tetris 3D\Tetris 3D\Controller.h(281,31): warning C4244: 'argumento': conversão de 'double' para 'GLfloat', possível perda de dados
C:\Users\pedro\Desktop\Tetris 3D\Tetris 3D\Controller.h(291,70): warning C4244: 'argumento': conversão de 'double' para 'GLfloat', possível perda de dados
C:\Users\pedro\Desktop\Tetris 3D\Tetris 3D\Controller.h(291,56): warning C4244: 'argumento': conversão de 'double' para 'GLfloat', possível perda de dados
C:\Users\pedro\Desktop\Tetris 3D\Tetris 3D\Controller.h(292,62): warning C4244: 'argumento': conversão de 'double' para 'GLfloat', possível perda de dados
C:\Users\pedro\Desktop\Tetris 3D\Tetris 3D\Controller.h(292,46): warning C4244: 'argumento': conversão de 'double' para 'GLfloat', possível perda de dados
C:\Users\pedro\Desktop\Tetris 3D\Tetris 3D\Controller.h(293,63): warning C4244: 'argumento': conversão de 'double' para 'GLfloat', possível perda de dados
C:\Users\pedro\Desktop\Tetris 3D\Tetris 3D\Controller.h(293,47): warning C4244: 'argumento': conversão de 'double' para 'GLfloat', possível perda de dados
C:\Users\pedro\Desktop\Tetris 3D\Tetris 3D\Controller.h(295,1): warning C4305: '+=': truncamento de 'double' para 'GLfloat'
C:\Users\pedro\Desktop\Tetris 3D\Tetris 3D\Controller.h(304,1): warning C4305: '+=': truncamento de 'double' para 'GLfloat'
C:\Users\pedro\Desktop\Tetris 3D\Tetris 3D\Controller.h(307,32): warning C4244: 'argumento': conversão de 'double' para 'GLfloat', possível perda de dados
C:\Users\pedro\Desktop\Tetris 3D\Tetris 3D\Controller.h(315,169): warning C4244: 'argumento': conversão de 'double' para 'GLfloat', possível perda de dados
C:\Users\pedro\Desktop\Tetris 3D\Tetris 3D\Controller.h(315,154): warning C4244: 'argumento': conversão de 'double' para 'GLfloat', possível perda de dados
C:\Users\pedro\Desktop\Tetris 3D\Tetris 3D\Controller.h(315,135): warning C4244: 'argumento': conversão de 'double' para 'GLfloat', possível perda de dados
C:\Users\pedro\Desktop\Tetris 3D\Tetris 3D\Controller.h(315,118): warning C4244: 'argumento': conversão de 'double' para 'GLfloat', possível perda de dados
C:\Users\pedro\Desktop\Tetris 3D\Tetris 3D\Controller.h(316,82): warning C4244: 'argumento': conversão de 'double' para 'GLfloat', possível perda de dados
C:\Users\pedro\Desktop\Tetris 3D\Tetris 3D\Controller.h(316,67): warning C4244: 'argumento': conversão de 'double' para 'GLfloat', possível perda de dados
C:\Users\pedro\Desktop\Tetris 3D\Tetris 3D\Controller.h(316,48): warning C4244: 'argumento': conversão de 'double' para 'GLfloat', possível perda de dados
C:\Users\pedro\Desktop\Tetris 3D\Tetris 3D\Controller.h(316,31): warning C4244: 'argumento': conversão de 'double' para 'GLfloat', possível perda de dados
C:\Users\pedro\Desktop\Tetris 3D\Tetris 3D\Controller.h(319,169): warning C4244: 'argumento': conversão de 'double' para 'GLfloat', possível perda de dados
C:\Users\pedro\Desktop\Tetris 3D\Tetris 3D\Controller.h(319,154): warning C4244: 'argumento': conversão de 'double' para 'GLfloat', possível perda de dados
C:\Users\pedro\Desktop\Tetris 3D\Tetris 3D\Controller.h(319,135): warning C4244: 'argumento': conversão de 'double' para 'GLfloat', possível perda de dados
C:\Users\pedro\Desktop\Tetris 3D\Tetris 3D\Controller.h(319,118): warning C4244: 'argumento': conversão de 'double' para 'GLfloat', possível perda de dados
C:\Users\pedro\Desktop\Tetris 3D\Tetris 3D\Controller.h(320,82): warning C4244: 'argumento': conversão de 'double' para 'GLfloat', possível perda de dados
C:\Users\pedro\Desktop\Tetris 3D\Tetris 3D\Controller.h(320,67): warning C4244: 'argumento': conversão de 'double' para 'GLfloat', possível perda de dados
C:\Users\pedro\Desktop\Tetris 3D\Tetris 3D\Controller.h(320,48): warning C4244: 'argumento': conversão de 'double' para 'GLfloat', possível perda de dados
C:\Users\pedro\Desktop\Tetris 3D\Tetris 3D\Controller.h(320,31): warning C4244: 'argumento': conversão de 'double' para 'GLfloat', possível perda de dados
C:\Users\pedro\Desktop\Tetris 3D\Tetris 3D\Controller.h(334,61): warning C4244: 'argumento': conversão de 'double' para 'GLfloat', possível perda de dados
C:\Users\pedro\Desktop\Tetris 3D\Tetris 3D\Controller.h(334,45): warning C4244: 'argumento': conversão de 'double' para 'GLfloat', possível perda de dados
C:\Users\pedro\Desktop\Tetris 3D\Tetris 3D\Controller.h(337,169): warning C4244: 'argumento': conversão de 'double' para 'GLfloat', possível perda de dados
C:\Users\pedro\Desktop\Tetris 3D\Tetris 3D\Controller.h(337,154): warning C4244: 'argumento': conversão de 'double' para 'GLfloat', possível perda de dados
C:\Users\pedro\Desktop\Tetris 3D\Tetris 3D\Controller.h(337,135): warning C4244: 'argumento': conversão de 'double' para 'GLfloat', possível perda de dados
C:\Users\pedro\Desktop\Tetris 3D\Tetris 3D\Controller.h(337,118): warning C4244: 'argumento': conversão de 'double' para 'GLfloat', possível perda de dados
C:\Users\pedro\Desktop\Tetris 3D\Tetris 3D\Controller.h(338,82): warning C4244: 'argumento': conversão de 'double' para 'GLfloat', possível perda de dados
C:\Users\pedro\Desktop\Tetris 3D\Tetris 3D\Controller.h(338,67): warning C4244: 'argumento': conversão de 'double' para 'GLfloat', possível perda de dados
C:\Users\pedro\Desktop\Tetris 3D\Tetris 3D\Controller.h(338,48): warning C4244: 'argumento': conversão de 'double' para 'GLfloat', possível perda de dados
C:\Users\pedro\Desktop\Tetris 3D\Tetris 3D\Controller.h(338,31): warning C4244: 'argumento': conversão de 'double' para 'GLfloat', possível perda de dados
C:\Users\pedro\Desktop\Tetris 3D\Tetris 3D\main.cpp(52,25): warning C4244: '=': conversão de 'double' para 'GLfloat', possível perda de dados
C:\Users\pedro\Desktop\Tetris 3D\Tetris 3D\main.cpp(53,27): warning C4244: '=': conversão de 'double' para 'GLfloat', possível perda de dados
C:\Users\pedro\Desktop\Tetris 3D\Tetris 3D\main.cpp(105,50): warning C4244: 'argumento': conversão de 'GLfloat' para 'int', possível perda de dados
C:\Users\pedro\Desktop\Tetris 3D\Tetris 3D\main.cpp(105,43): warning C4244: 'argumento': conversão de 'GLfloat' para 'int', possível perda de dados
C:\Users\pedro\Desktop\Tetris 3D\Tetris 3D\main.cpp(118,35): warning C4244: 'argumento': conversão de 'GLfloat' para 'GLsizei', possível perda de dados
C:\Users\pedro\Desktop\Tetris 3D\Tetris 3D\main.cpp(118,28): warning C4244: 'argumento': conversão de 'GLfloat' para 'GLsizei', possível perda de dados
C:\Users\pedro\Desktop\Tetris 3D\Tetris 3D\main.cpp(118,22): warning C4244: 'argumento': conversão de 'float' para 'GLint', possível perda de dados
C:\Users\pedro\Desktop\Tetris 3D\Tetris 3D\main.cpp(118,16): warning C4244: 'argumento': conversão de 'float' para 'GLint', possível perda de dados
C:\Users\pedro\Desktop\Tetris 3D\Tetris 3D\main.cpp(148,21): warning C4244: '=': conversão de 'int' para 'GLfloat', possível perda de dados
C:\Users\pedro\Desktop\Tetris 3D\Tetris 3D\main.cpp(149,22): warning C4244: '=': conversão de 'int' para 'GLfloat', possível perda de dados
  Gerando código
  2 of 563 functions ( 0.4%) were compiled, the rest were copied from previous compilation.
    0 functions were new in current compilation
    9 functions had inline decision re-evaluated but remain unchanged
  Finalizada a geração de código
  Tetris 3D.vcxproj -> C:\Users\pedro\Desktop\Tetris 3D\Release\Tetris 3D.exe
