  autofit.c
  ftbase.c
  ftbbox.c
  ftbdf.c
  ftbitmap.c
  ftcid.c
  ftfntfmt.c
  ftfstype.c
  ftgasp.c
  ftglyph.c
  ftgxval.c
  ftinit.c
  ftlcdfil.c
  ftmm.c
  ftotval.c
  ftpatent.c
  ftpfr.c
  ftstroke.c
  ftsynth.c
  ftsystem.c
  fttype1.c
  ftwinfnt.c
  bdf.c
  ftcache.c
  cff.c
  type1cid.c
  ftgzip.c
  ftlzw.c
  pcf.c
  pfr.c
  psaux.c
  pshinter.c
  psmodule.c
  raster.c
  sfnt.c
  smooth.c
  truetype.c
  type1.c
  type42.c
  winfnt.c
C:\Users\pedro\Desktop\Tetris 3D\Linking\freetype-2.9\src\truetype\ttgxvar.c(2137): warning C4701: variável local possivelmente não inicializada 'fvar_head' usada
  ftdebug.c
     Criando biblioteca ..\..\..\objs\Win32\Debug\freetype.lib e objeto ..\..\..\objs\Win32\Debug\freetype.exp
  freetype.vcxproj -> C:\Users\pedro\Desktop\Tetris 3D\Linking\freetype-2.9\objs\Win32\Debug\freetype.dll
